Vivado Simulator v2025.2
Copyright 1986-2022 Xilinx, Inc. All Rights Reserved.
Copyright 2022-2025 Advanced Micro Devices, Inc. All Rights Reserved.
Running: C:/AMDDesignTools/2025.2/Vivado/bin/unwrapped/win64.o/xelab.exe --incr --debug typical --relax --mt 2 -L xil_defaultlib -L unisims_ver -L unimacro_ver -L secureip --snapshot riscv_tb_large_behav xil_defaultlib.riscv_tb_large xil_defaultlib.glbl -log elaborate.log 
Using 2 slave threads.
Starting static elaboration
Pass Through NonSizing Optimizer
Completed static elaboration
Starting simulation data flow analysis
Completed simulation data flow analysis
Time Resolution for simulation is 1ps
Compiling module xil_defaultlib.prog_counter
Compiling module xil_defaultlib.instruction_mem
Compiling module xil_defaultlib.control_unit
Compiling module xil_defaultlib.reg_bank_default
Compiling module xil_defaultlib.imm_gen
Compiling module xil_defaultlib.alu_control
Compiling module xil_defaultlib.alu
Compiling module xil_defaultlib.data_mem
Compiling module xil_defaultlib.riscv_top
Compiling module xil_defaultlib.riscv_tb_large
Compiling module xil_defaultlib.glbl
Built simulation snapshot riscv_tb_large_behav
